c:\users\rowe026\documents\visual studio 2013\projects\rowenaliddy_gp1\rowenaliddy_gp1\debug\vc120.pdb
c:\users\rowe026\documents\visual studio 2013\projects\rowenaliddy_gp1\rowenaliddy_gp1\debug\vc120.idb
c:\users\rowe026\documents\visual studio 2013\projects\rowenaliddy_gp1\rowenaliddy_gp1\debug\asteroidsgame.obj
c:\users\rowe026\documents\visual studio 2013\projects\rowenaliddy_gp1\rowenaliddy_gp1\debug\casteroid.obj
c:\users\rowe026\documents\visual studio 2013\projects\rowenaliddy_gp1\rowenaliddy_gp1\debug\cbkground.obj
c:\users\rowe026\documents\visual studio 2013\projects\rowenaliddy_gp1\rowenaliddy_gp1\debug\cbullet.obj
c:\users\rowe026\documents\visual studio 2013\projects\rowenaliddy_gp1\rowenaliddy_gp1\debug\cfont.obj
c:\users\rowe026\documents\visual studio 2013\projects\rowenaliddy_gp1\rowenaliddy_gp1\debug\cfontmgr.obj
c:\users\rowe026\documents\visual studio 2013\projects\rowenaliddy_gp1\rowenaliddy_gp1\debug\cinputmgr.obj
c:\users\rowe026\documents\visual studio 2013\projects\rowenaliddy_gp1\rowenaliddy_gp1\debug\crocket.obj
c:\users\rowe026\documents\visual studio 2013\projects\rowenaliddy_gp1\rowenaliddy_gp1\debug\csound.obj
c:\users\rowe026\documents\visual studio 2013\projects\rowenaliddy_gp1\rowenaliddy_gp1\debug\csoundmgr.obj
c:\users\rowe026\documents\visual studio 2013\projects\rowenaliddy_gp1\rowenaliddy_gp1\debug\csprite.obj
c:\users\rowe026\documents\visual studio 2013\projects\rowenaliddy_gp1\rowenaliddy_gp1\debug\ctexture.obj
c:\users\rowe026\documents\visual studio 2013\projects\rowenaliddy_gp1\rowenaliddy_gp1\debug\cwndmanager.obj
c:\users\rowe026\documents\visual studio 2013\projects\rowenaliddy_gp1\rowenaliddy_gp1\debug\main.obj
c:\users\rowe026\documents\visual studio 2013\projects\rowenaliddy_gp1\rowenaliddy_gp1\debug\windowogl.obj
c:\users\rowe026\documents\visual studio 2013\projects\rowenaliddy_gp1\rowenaliddy_gp1\debug\cbutton.obj
c:\users\rowe026\documents\visual studio 2013\projects\rowenaliddy_gp1\debug\rowenaliddy_gp1.ilk
c:\users\rowe026\documents\visual studio 2013\projects\rowenaliddy_gp1\debug\rowenaliddy_gp1.exe
c:\users\rowe026\documents\visual studio 2013\projects\rowenaliddy_gp1\debug\rowenaliddy_gp1.pdb
c:\users\rowe026\documents\visual studio 2013\projects\rowenaliddy_gp1\rowenaliddy_gp1\debug\rowenaliddy_gp1.tlog\cl.command.1.tlog
c:\users\rowe026\documents\visual studio 2013\projects\rowenaliddy_gp1\rowenaliddy_gp1\debug\rowenaliddy_gp1.tlog\cl.read.1.tlog
c:\users\rowe026\documents\visual studio 2013\projects\rowenaliddy_gp1\rowenaliddy_gp1\debug\rowenaliddy_gp1.tlog\cl.write.1.tlog
c:\users\rowe026\documents\visual studio 2013\projects\rowenaliddy_gp1\rowenaliddy_gp1\debug\rowenaliddy_gp1.tlog\link.command.1.tlog
c:\users\rowe026\documents\visual studio 2013\projects\rowenaliddy_gp1\rowenaliddy_gp1\debug\rowenaliddy_gp1.tlog\link.read.1.tlog
c:\users\rowe026\documents\visual studio 2013\projects\rowenaliddy_gp1\rowenaliddy_gp1\debug\rowenaliddy_gp1.tlog\link.write.1.tlog
